INFO:root:encoder_loss - L1
INFO:root:decoder_loss - L1
INFO:root:generator_loss - L1
INFO:root:lambda_encoder - 0.01
INFO:root:lambda_decoder - 0.0001
INFO:root:lambda_generator - 0.0001
INFO:root:encoder_loss - L1
INFO:root:decoder_loss - L1
INFO:root:generator_loss - L1
INFO:root:lambda_encoder - 0.01
INFO:root:lambda_decoder - 0.0001
INFO:root:lambda_generator - 0.0001
INFO:root:encoder_loss - L1
INFO:root:decoder_loss - L1
INFO:root:generator_loss - L1
INFO:root:lambda_encoder - 0.01
INFO:root:lambda_decoder - 0.0001
INFO:root:lambda_generator - 0.0001
INFO:root:Loading Data...
INFO:root:encoder_loss - L1
INFO:root:decoder_loss - L1
INFO:root:generator_loss - L1
INFO:root:lambda_encoder - 0.01
INFO:root:lambda_decoder - 0.0001
INFO:root:lambda_generator - 0.0001
INFO:root:Loading Data...
INFO:root:Loading Done.
INFO:root:Time Elapsed for Data Preprocessing: 00:00:11
WARNING:tensorflow:From /home/ravi/Desktop/pitch-lddmm-spect/Chained-Encoder-Decoder-Predictor/model.py:40: The name tf.placeholder is deprecated. Please use tf.compat.v1.placeholder instead.

WARNING:tensorflow:From /home/ravi/Desktop/pitch-lddmm-spect/Chained-Encoder-Decoder-Predictor/nn_models.py:15: The name tf.variable_scope is deprecated. Please use tf.compat.v1.variable_scope instead.

WARNING:tensorflow:From /home/ravi/Desktop/pitch-lddmm-spect/Chained-Encoder-Decoder-Predictor/modules.py:40: conv1d (from tensorflow.python.layers.convolutional) is deprecated and will be removed in a future version.
Instructions for updating:
Use `tf.keras.layers.Conv1D` instead.
WARNING:tensorflow:From /home/ravi/anaconda3/lib/python3.7/site-packages/tensorflow/python/ops/init_ops.py:1251: calling VarianceScaling.__init__ (from tensorflow.python.ops.init_ops) with dtype is deprecated and will be removed in a future version.
Instructions for updating:
Call initializer instance with the dtype argument instead of passing it to the constructor
WARNING:tensorflow:
The TensorFlow contrib module will not be included in TensorFlow 2.0.
For more information, please see:
  * https://github.com/tensorflow/community/blob/master/rfcs/20180907-contrib-sunset.md
  * https://github.com/tensorflow/addons
  * https://github.com/tensorflow/io (for I/O related ops)
If you depend on functionality not listed there, please file an issue.

WARNING:tensorflow:From /home/ravi/Desktop/pitch-lddmm-spect/Chained-Encoder-Decoder-Predictor/model.py:83: The name tf.trainable_variables is deprecated. Please use tf.compat.v1.trainable_variables instead.

WARNING:tensorflow:From /home/ravi/Desktop/pitch-lddmm-spect/Chained-Encoder-Decoder-Predictor/model.py:107: The name tf.train.AdamOptimizer is deprecated. Please use tf.compat.v1.train.AdamOptimizer instead.

WARNING:tensorflow:From /home/ravi/Desktop/pitch-lddmm-spect/Chained-Encoder-Decoder-Predictor/model.py:25: The name tf.train.Saver is deprecated. Please use tf.compat.v1.train.Saver instead.

WARNING:tensorflow:From /home/ravi/Desktop/pitch-lddmm-spect/Chained-Encoder-Decoder-Predictor/model.py:26: The name tf.Session is deprecated. Please use tf.compat.v1.Session instead.

WARNING:tensorflow:From /home/ravi/Desktop/pitch-lddmm-spect/Chained-Encoder-Decoder-Predictor/model.py:30: The name tf.global_variables_initializer is deprecated. Please use tf.compat.v1.global_variables_initializer instead.

INFO:root:Epoch: 1
